Flow report for Gestos
Thu Jan 18 08:21:36 2018
Quartus Prime Version 17.0.0 Build 595 04/25/2017 SJ Lite Edition


---------------------
; Table of Contents ;
---------------------
  1. Legal Notice
  2. Flow Summary
  3. Flow Settings
  4. Flow Non-Default Global Settings
  5. Flow Elapsed Time
  6. Flow OS Summary
  7. Flow Log
  8. Flow Messages
  9. Flow Suppressed Messages



----------------
; Legal Notice ;
----------------
Copyright (C) 2017  Intel Corporation. All rights reserved.
Your use of Intel Corporation's design tools, logic functions 
and other software and tools, and its AMPP partner logic 
functions, and any output files from any of the foregoing 
(including device programming or simulation files), and any 
associated documentation or information are expressly subject 
to the terms and conditions of the Intel Program License 
Subscription Agreement, the Intel Quartus Prime License Agreement,
the Intel MegaCore Function License Agreement, or other 
applicable license agreement, including, without limitation, 
that your use is for the sole purpose of programming logic 
devices manufactured by Intel and sold by Intel or its 
authorized distributors.  Please refer to the applicable 
agreement for further details.



+---------------------------------------------------------------------+
; Flow Summary                                                        ;
+-----------------------+---------------------------------------------+
; Flow Status           ; Successful - Thu Jan 18 08:21:32 2018       ;
; Quartus Prime Version ; 17.0.0 Build 595 04/25/2017 SJ Lite Edition ;
; Revision Name         ; Gestos                                      ;
; Top-level Entity Name ; Gestos                                      ;
; Family                ; MAX V                                       ;
; Device                ; 5M570ZF256C5                                ;
; Timing Models         ; Final                                       ;
; Total logic elements  ; 120 / 570 ( 21 % )                          ;
; Total pins            ; 41 / 159 ( 26 % )                           ;
; Total virtual pins    ; 0                                           ;
; UFM blocks            ; 0 / 1 ( 0 % )                               ;
+-----------------------+---------------------------------------------+


+-----------------------------------------+
; Flow Settings                           ;
+-------------------+---------------------+
; Option            ; Setting             ;
+-------------------+---------------------+
; Start date & time ; 01/18/2018 08:20:57 ;
; Main task         ; Compilation         ;
; Revision Name     ; Gestos              ;
+-------------------+---------------------+


+-------------------------------------------------------------------------------------------------------+
; Flow Non-Default Global Settings                                                                      ;
+--------------------------+---------------------------------+---------------+-------------+------------+
; Assignment Name          ; Value                           ; Default Value ; Entity Name ; Section Id ;
+--------------------------+---------------------------------+---------------+-------------+------------+
; COMPILER_SIGNATURE_ID    ; 273406403148219.151626005714992 ; --            ; --          ; --         ;
; MAX_CORE_JUNCTION_TEMP   ; 85                              ; --            ; --          ; --         ;
; MIN_CORE_JUNCTION_TEMP   ; 0                               ; --            ; --          ; --         ;
; PROJECT_OUTPUT_DIRECTORY ; output_files                    ; --            ; --          ; --         ;
+--------------------------+---------------------------------+---------------+-------------+------------+


+-------------------------------------------------------------------------------------------------------------------------------+
; Flow Elapsed Time                                                                                                             ;
+---------------------------+--------------+-------------------------+---------------------+------------------------------------+
; Module Name               ; Elapsed Time ; Average Processors Used ; Peak Virtual Memory ; Total CPU Time (on all processors) ;
+---------------------------+--------------+-------------------------+---------------------+------------------------------------+
; Analysis & Synthesis      ; 00:00:28     ; 1.0                     ; 683 MB              ; 00:01:02                           ;
; Fitter                    ; 00:00:03     ; 1.0                     ; 996 MB              ; 00:00:04                           ;
; Assembler                 ; 00:00:01     ; 1.0                     ; 571 MB              ; 00:00:01                           ;
; TimeQuest Timing Analyzer ; 00:00:02     ; 1.0                     ; 577 MB              ; 00:00:02                           ;
; Total                     ; 00:00:34     ; --                      ; --                  ; 00:01:09                           ;
+---------------------------+--------------+-------------------------+---------------------+------------------------------------+


+-----------------------------------------------------------------------------------------+
; Flow OS Summary                                                                         ;
+---------------------------+------------------+------------+------------+----------------+
; Module Name               ; Machine Hostname ; OS Name    ; OS Version ; Processor type ;
+---------------------------+------------------+------------+------------+----------------+
; Analysis & Synthesis      ; DESKTOP-B74063V  ; Windows 10 ; 10.0       ; x86_64         ;
; Fitter                    ; DESKTOP-B74063V  ; Windows 10 ; 10.0       ; x86_64         ;
; Assembler                 ; DESKTOP-B74063V  ; Windows 10 ; 10.0       ; x86_64         ;
; TimeQuest Timing Analyzer ; DESKTOP-B74063V  ; Windows 10 ; 10.0       ; x86_64         ;
+---------------------------+------------------+------------+------------+----------------+


------------
; Flow Log ;
------------
quartus_map --read_settings_files=on --write_settings_files=off Gestos -c Gestos
quartus_fit --read_settings_files=off --write_settings_files=off Gestos -c Gestos
quartus_asm --read_settings_files=off --write_settings_files=off Gestos -c Gestos
quartus_sta Gestos -c Gestos



