Flow report for Gestos
Fri Feb 09 12:54:35 2018
Quartus Prime Version 17.0.0 Build 595 04/25/2017 SJ Standard Edition


---------------------
; Table of Contents ;
---------------------
  1. Legal Notice
  2. Flow Summary
  3. Flow Settings
  4. Flow Non-Default Global Settings
  5. Flow Elapsed Time
  6. Flow OS Summary
  7. Flow Log
  8. Flow Messages
  9. Flow Suppressed Messages



----------------
; Legal Notice ;
----------------
Copyright (C) 2017  Intel Corporation. All rights reserved.
Your use of Intel Corporation's design tools, logic functions 
and other software and tools, and its AMPP partner logic 
functions, and any output files from any of the foregoing 
(including device programming or simulation files), and any 
associated documentation or information are expressly subject 
to the terms and conditions of the Intel Program License 
Subscription Agreement, the Intel Quartus Prime License Agreement,
the Intel MegaCore Function License Agreement, or other 
applicable license agreement, including, without limitation, 
that your use is for the sole purpose of programming logic 
devices manufactured by Intel and sold by Intel or its 
authorized distributors.  Please refer to the applicable 
agreement for further details.



+-------------------------------------------------------------------------+
; Flow Summary                                                            ;
+-----------------------+-------------------------------------------------+
; Flow Status           ; Successful - Fri Feb 09 12:54:24 2018           ;
; Quartus Prime Version ; 17.0.0 Build 595 04/25/2017 SJ Standard Edition ;
; Revision Name         ; Gestos                                          ;
; Top-level Entity Name ; Gestos                                          ;
; Family                ; MAX V                                           ;
; Total logic elements  ; 63 / 80 ( 79 % )                                ;
; Total pins            ; 56 / 79 ( 71 % )                                ;
; Total virtual pins    ; 0                                               ;
; UFM blocks            ; 0 / 1 ( 0 % )                                   ;
; Device                ; 5M80ZT100C4                                     ;
; Timing Models         ; Final                                           ;
+-----------------------+-------------------------------------------------+


+-----------------------------------------+
; Flow Settings                           ;
+-------------------+---------------------+
; Option            ; Setting             ;
+-------------------+---------------------+
; Start date & time ; 02/09/2018 12:53:20 ;
; Main task         ; Compilation         ;
; Revision Name     ; Gestos              ;
+-------------------+---------------------+


+-------------------------------------------------------------------------------------------------------+
; Flow Non-Default Global Settings                                                                      ;
+--------------------------+---------------------------------+---------------+-------------+------------+
; Assignment Name          ; Value                           ; Default Value ; Entity Name ; Section Id ;
+--------------------------+---------------------------------+---------------+-------------+------------+
; COMPILER_SIGNATURE_ID    ; 264510340485811.151819879904388 ; --            ; --          ; --         ;
; PROJECT_OUTPUT_DIRECTORY ; output_files                    ; --            ; --          ; --         ;
+--------------------------+---------------------------------+---------------+-------------+------------+


+-------------------------------------------------------------------------------------------------------------------------------+
; Flow Elapsed Time                                                                                                             ;
+---------------------------+--------------+-------------------------+---------------------+------------------------------------+
; Module Name               ; Elapsed Time ; Average Processors Used ; Peak Virtual Memory ; Total CPU Time (on all processors) ;
+---------------------------+--------------+-------------------------+---------------------+------------------------------------+
; Analysis & Synthesis      ; 00:00:37     ; 1.0                     ; 669 MB              ; 00:00:27                           ;
; Fitter                    ; 00:00:12     ; 1.0                     ; 1268 MB             ; 00:00:03                           ;
; Assembler                 ; 00:00:03     ; 1.0                     ; 541 MB              ; 00:00:01                           ;
; TimeQuest Timing Analyzer ; 00:00:09     ; 1.0                     ; 564 MB              ; 00:00:01                           ;
; Total                     ; 00:01:01     ; --                      ; --                  ; 00:00:32                           ;
+---------------------------+--------------+-------------------------+---------------------+------------------------------------+


+-----------------------------------------------------------------------------------------+
; Flow OS Summary                                                                         ;
+---------------------------+------------------+------------+------------+----------------+
; Module Name               ; Machine Hostname ; OS Name    ; OS Version ; Processor type ;
+---------------------------+------------------+------------+------------+----------------+
; Analysis & Synthesis      ; GGIECDIGWRK142   ; Windows 10 ; 10.0       ; x86_64         ;
; Fitter                    ; GGIECDIGWRK142   ; Windows 10 ; 10.0       ; x86_64         ;
; Assembler                 ; GGIECDIGWRK142   ; Windows 10 ; 10.0       ; x86_64         ;
; TimeQuest Timing Analyzer ; GGIECDIGWRK142   ; Windows 10 ; 10.0       ; x86_64         ;
+---------------------------+------------------+------------+------------+----------------+


------------
; Flow Log ;
------------
quartus_map --read_settings_files=on --write_settings_files=off Gestos -c Gestos
quartus_fit --read_settings_files=off --write_settings_files=off Gestos -c Gestos
quartus_asm --read_settings_files=off --write_settings_files=off Gestos -c Gestos
quartus_sta Gestos -c Gestos



